#
# A fatal error has been detected by the Java Runtime Environment:
#
#  SIGBUS (0x7) at pc=0x00007f026076df5d, pid=4481, tid=139647863158528
#
# JRE version: OpenJDK Runtime Environment (7.0_65-b32) (build 1.7.0_65-b32)
# Java VM: OpenJDK 64-Bit Server VM (24.65-b04 mixed mode linux-amd64 compressed oops)
# Derivative: IcedTea 2.5.3
# Distribution: Ubuntu 14.04 LTS, package 7u71-2.5.3-0ubuntu0.14.04.1
# Problematic frame:
# C  [libzip.so+0x4f5d]
#
# Failed to write core dump. Core dumps have been disabled. To enable core dumping, try "ulimit -c unlimited" before starting Java again
#
# If you would like to submit a bug report, please include
# instructions on how to reproduce the bug and visit:
#   http://icedtea.classpath.org/bugzilla
# The crash happened outside the Java Virtual Machine in native code.
# See problematic frame for where to report the bug.
#

---------------  T H R E A D  ---------------

Current thread (0x00007f01d8012800):  JavaThread "nioEventLoopGroup-3-1" [_thread_in_native, id=4526, stack(0x00007f024d36f000,0x00007f024d470000)]

siginfo:si_signo=SIGBUS: si_errno=0, si_code=2 (BUS_ADRERR), si_addr=0x00007f02543bf5f3

Registers:
RAX=0x00007f01d80d9870, RBX=0x00007f025c19bba0, RCX=0x00007f01d8000020, RDX=0x00007f01d80d9870
RSP=0x00007f024d46b7f0, RBP=0x00007f024d46b850, RSI=0x00007f01d8000038, RDI=0x00007f01d80d9810
R8 =0x0000000000000003, R9 =0x0000000000000010, R10=0x00007f025907f7b8, R11=0x00000000ebef0808
R12=0x00007f025c1b8738, R13=0x00007f02543bf5d6, R14=0x00007f01d80d9870, R15=0x00000000cc07378e
RIP=0x00007f026076df5d, EFLAGS=0x0000000000010202, CSGSFS=0x0000000000000033, ERR=0x0000000000000004
  TRAPNO=0x000000000000000e

Top of Stack: (sp=0x00007f024d46b7f0)
0x00007f024d46b7f0:   00007f0200000000 00007f024d46bd04
0x00007f024d46b800:   0000000000000000 0000000000000000
0x00007f024d46b810:   0000000000000000 00007f02627a484c
0x00007f024d46b820:   00007f024d46b8c0 00007f025c1b8730
0x00007f024d46b830:   00007f025c19bba0 00007f024d46b8c0
0x00007f024d46b840:   00007f01d80d96a0 00000000cc07378e
0x00007f024d46b850:   00007f024d46b8a0 00007f026076ed0d
0x00007f024d46b860:   0000000000000000 0000003000000074
0x00007f024d46b870:   00007f0262998f5d 00007f024d46b8c0
0x00007f024d46b880:   00007f024d46bd18 00007f024d46b8c0
0x00007f024d46b890:   0000000000000030 00007f01d80129d8
0x00007f024d46b8a0:   00007f024d46bd00 00007f026076c958
0x00007f024d46b8b0:   000000016349e029 00007f025c19bba0
0x00007f024d46b8c0:   6f6f6c662f74656e 6f63746867696c64
0x00007f024d46b8d0:   72656c6c6f72746e 2f74656b6361702f
0x00007f024d46b8e0:   6974704f50434844 7373616c632e6e6f
0x00007f024d46b8f0:   00007f024d46be00 00007f024d46c930
0x00007f024d46b900:   00007f024d46ba30 00007f026289b325
0x00007f024d46b910:   00007f022c02d988 00007f024d46b9e0
0x00007f024d46b920:   00007f024d46ba50 00007f024d460100
0x00007f024d46b930:   0000000060011ec1 00007f0200000000
0x00007f024d46b940:   0000000000000000 0000000300000000
0x00007f024d46b950:   000000000000000e 0000000000000000
0x00007f024d46b960:   0000003000000000 00007f0200000000
0x00007f024d46b970:   00007f0200000025 0000000000000000
0x00007f024d46b980:   0000000000000000 0000000000000000
0x00007f024d46b990:   0000000000000000 00007f0200000004
0x00007f024d46b9a0:   ffffffffffffffff 0000000000000025
0x00007f024d46b9b0:   0020000000000000 0000000000000000
0x00007f024d46b9c0:   ffffffffffffffff 00007f026299f529
0x00007f024d46b9d0:   0000000000000000 0000000000000025
0x00007f024d46b9e0:   00007f026299f52b 00007f026298c1e0 

Instructions: (pc=0x00007f026076df5d)
0x00007f026076df3d:   73 48 48 8b 7b 10 b9 a0 00 00 00 49 8b 14 24 e8
0x00007f026076df4d:   8f fe ff ff 49 89 c5 4d 85 ed 0f 84 d3 04 00 00
0x00007f026076df5d:   41 0f b6 55 1d 41 0f b6 45 1c 45 31 e4 41 0f b6
0x00007f026076df6d:   75 0d 41 0f b6 7d 0e 45 0f b6 7d 1f c1 e2 08 09 

Register to memory mapping:

RAX=0x00007f01d80d9870 is an unknown value
RBX=0x00007f025c19bba0 is an unknown value
RCX=0x00007f01d8000020 is an unknown value
RDX=0x00007f01d80d9870 is an unknown value
RSP=0x00007f024d46b7f0 is pointing into the stack for thread: 0x00007f01d8012800
RBP=0x00007f024d46b850 is pointing into the stack for thread: 0x00007f01d8012800
RSI=0x00007f01d8000038 is an unknown value
RDI=0x00007f01d80d9810 is an unknown value
R8 =0x0000000000000003 is an unknown value
R9 =0x0000000000000010 is an unknown value
R10=0x00007f025907f7b8 is at entry_point+88 in (nmethod*)0x00007f025907f5d0
R11=0x00000000ebef0808 is an unknown value
R12=0x00007f025c1b8738 is an unknown value
R13=0x00007f02543bf5d6 is an unknown value
R14=0x00007f01d80d9870 is an unknown value
R15=